This is pdfTeX, Version 3.14159265-2.6-1.40.16 (TeX Live 2015) (preloaded format=pdflatex 2015.6.23)  23 JUN 2015 13:56
entering extended mode
 restricted \write18 enabled.
 file:line:error style messages enabled.
 %&-line parsing enabled.
**memoire-umons.cls
(./memoire-umons.cls
LaTeX2e <2015/01/01>
Babel <3.9l> and hyphenation patterns for 79 languages loaded.

LaTeX Warning: You have requested package `',
               but the package provides `memoire-umons'.

Package: memoire-umons 2009/05/05 v0.1 
  Memoires de l'Université de Mons.

./memoire-umons.cls:13: LaTeX Error: Missing \begin{document}.

See the LaTeX manual or LaTeX Companion for explanation.
Type  H <return>  for immediate help.
 ...                                              
                                                  
l.13 \newif\ifumons@
                    print \umons@printfalse
? 
./memoire-umons.cls:13: Emergency stop.
 ...                                              
                                                  
l.13 \newif\ifumons@
                    print \umons@printfalse
You're in trouble here.  Try typing  <return>  to proceed.
If that doesn't work, type  X <return>  to quit.

 
Here is how much of TeX's memory you used:
 11 strings out of 493089
 319 string characters out of 6134842
 53199 words of memory out of 5000000
 3594 multiletter control sequences out of 15000+600000
 3640 words of font info for 14 fonts, out of 8000000 for 9000
 1141 hyphenation exceptions out of 8191
 7i,0n,8p,92b,14s stack positions out of 5000i,500n,10000p,200000b,80000s
./memoire-umons.cls:13:  ==> Fatal error occurred, no output PDF file produced!

